[     984ms] [ERROR] Failed to load resource: the server responded with a status of 503 (Service) @ https://ogads-pa.clients6.google.com/$rpc/google.internal.onegoogle.asyncdata.v1.AsyncDataService/GetAsyncData:0
[    3872ms] [ERROR] Failed to load resource: net::ERR_FAILED @ chrome://favicon2/?size=16&scaleFactor=2x&pageUrl=chrome%3A%2F%2Fchrome-urls%2F&allowGoogleServerFallback=0&forceLightMode=true&forceEmptyDefaultFavicon=1:0
[    6951ms] [ERROR] TypeError: Cannot read properties of null (reading 'sendMessage')
    at ft.sendMessage (https://www.gstatic.com/og/_/js/k=og.asy.en_US.tCcwxYFo2OQ.2019.O/rt=j/m=_ac,_awd,ada,lldp,qads/exm=/d=1/ed=1/rs=AA2YrTsQS372_IBtlHypMBVngIiWg5aPdw:459:392)
    at ft.Pd (https://www.gstatic.com/og/_/js/k=og.asy.en_US.tCcwxYFo2OQ.2019.O/rt=j/m=_ac,_awd,ada,lldp,qads/exm=/d=1/ed=1/rs=AA2YrTsQS372_IBtlHypMBVngIiWg5aPdw:469:72)
    at X.C (https://www.gstatic.com/og/_/js/k=og.asy.en_US.tCcwxYFo2OQ.2019.O/rt=j/m=_ac,_awd,ada,lldp,qads/exm=/d=1/ed=1/rs=AA2YrTsQS372_IBtlHypMBVngIiWg5aPdw:529:320)
    at VMd (https://www.google.com/xjs/_/js/k=xjs.s.en_GB.ocrH4i9wb_A.2019.O/ck=xjs.s.HS0z8JDKf0A.L.B1.O/am=AAAQAAAAIAgAAAAAAAAAAACAAABEAAAAAAAAAAAAAAAAAAAAAAKAAAAABAAAAAAAAAAAACAAAAAAAAIAAAAAUEIAAAiAACgCIAAAAFAEACAAACgYEAEACAAAAAAAAAAo1AcQAMAAAAAAAAAPAAYAIQAAAAAAAAAAAAABAgQgAAkAAAAAAAAAIAAAAAAAAgAAACAAAAAAwAAAAwBAAEkAAABAhQIAAAgAAAgAAAAAAAAAAAARJAQAAAAkIAEAAPzNfAOABwAAAAAHAAAAAACAAAAAAAAAAAAIAAAAwEAiDQAAABAAAIAwYgEAAADBAACAABAQAAEAAAAAAAAgkAAJAICAAQACAAAwAAAAAAAAAAACAAhCIQAAAoACEBAAABAAOAAEAAAAAAAAAAEBAAAAAIAAAAABAAgEIAQQAAAAAAAIAAAAFIAAAAAAOQAAAAAAAAAQSAAgAAEARpABAEgUBEAEACBAAAMAAEAEAAAAAFAAQsIPAARAAAAAAACAEwAAAABAQAAAAAASAABLIBAAYAAAAACQA-DxABwiKAAAAAAAAAAAAAAAAAAAAAAAAAAAAVAA40DyCwIgAAAAAAAAAAAAAAAAAAAAAAAAAAAAAJAiPAUAAAAAALA1ACA/d=0/dg=0/br=1/ujg=1/rs=ACT90oHtrgvmQQXObrfw5QGyj9GVvh-aYA/cb=loaded_h_0/m=sy1r7,d8nTDf,sy35d,sy35c,Kqhykb,CIZTGb,sy1r4,sy1r5,sy1r1,sy1r2,sy1qz,HIg7cd,syzz,QVaUhf,sy1rk,sy1rj,sy1rh,sy1ri,SJpD2c,eAR4Hf,sy6bp,nN2e1e,kQvlef,sy390,WlNQGd,sy1wv,sy1xt,Tia57b,KpRAue,X8jtef,sy6bq,OXpAmf,sy5rh,sy37x,sy161,syv8,syp6,sy1vy,sy1vw,sy1vz,sy5rg,nRwWne,sy4ih,sy4id,sy4i8,sy4i4,sy4i3,sy4i1,UHgVpe,sy1x0,sy1x7,sy1xc,sy1xv,NyeqM,sy8qz,sy8pb,sy8qx,sy765,sy10e,sy10j,O63OXd,syja,aLUfP,wQlYve,sy3nx,sy2pr,sy11u,sy11v,sy11q,sy11w,sy11p,sy11x,sy11j,sy11i,sy11h,sy11k,sy11y,sy11z,sy11b,eZ9XOd,syxz,syxy,syy0,L1AAkb,sy151,sy152,YjTCDb,sy14z,sy150,q00IXe,syj5,sy14l,BYwJlf,PGyklf,sy157,sy156,sy155,sy153,sy14q,sy15a,Fh0l0,sy1mr,sy1ms,pzkXnb,sy14k,sy13f,FRLJrd,sy1mu,sy1mv,eBYPP,sy6aa,HYSCof,sy6c1,sHZ92c,VEbNoe,sy9s5,sy74d,sy1x2,KSk4yc?cb=121509378&xjs=s3:58:154)
    at https://www.google.com/xjs/_/js/k=xjs.s.en_GB.ocrH4i9wb_A.2019.O/ck=xjs.s.HS0z8JDKf0A.L.B1.O/am=AAAQAAAAIAgAAAAAAAAAAACAAABEAAAAAAAAAAAAAAAAAAAAAAKAAAAABAAAAAAAAAAAACAAAAAAAAIAAAAAUEIAAAiAACgCIAAAAFAEACAAACgYEAEACAAAAAAAAAAo1AcQAMAAAAAAAAAPAAYAIQAAAAAAAAAAAAABAgQgAAkAAAAAAAAAIAAAAAAAAgAAACAAAAAAwAAAAwBAAEkAAABAhQIAAAgAAAgAAAAAAAAAAAARJAQAAAAkIAEAAPzNfAOABwAAAAAHAAAAAACAAAAAAAAAAAAIAAAAwEAiDQAAABAAAIAwYgEAAADBAACAABAQAAEAAAAAAAAgkAAJAICAAQACAAAwAAAAAAAAAAACAAhCIQAAAoACEBAAABAAOAAEAAAAAAAAAAEBAAAAAIAAAAABAAgEIAQQAAAAAAAIAAAAFIAAAAAAOQAAAAAAAAAQSAAgAAEARpABAEgUBEAEACBAAAMAAEAEAAAAAFAAQsIPAARAAAAAAACAEwAAAABAQAAAAAASAABLIBAAYAAAAACQA-DxABwiKAAAAAAAAAAAAAAAAAAAAAAAAAAAAVAA40DyCwIgAAAAAAAAAAAAAAAAAAAAAAAAAAAAAJAiPAUAAAAAALA1ACA/d=0/dg=0/br=1/ujg=1/rs=ACT90oHtrgvmQQXObrfw5QGyj9GVvh-aYA/cb=loaded_h_0/m=sy1r7,d8nTDf,sy35d,sy35c,Kqhykb,CIZTGb,sy1r4,sy1r5,sy1r1,sy1r2,sy1qz,HIg7cd,syzz,QVaUhf,sy1rk,sy1rj,sy1rh,sy1ri,SJpD2c,eAR4Hf,sy6bp,nN2e1e,kQvlef,sy390,WlNQGd,sy1wv,sy1xt,Tia57b,KpRAue,X8jtef,sy6bq,OXpAmf,sy5rh,sy37x,sy161,syv8,syp6,sy1vy,sy1vw,sy1vz,sy5rg,nRwWne,sy4ih,sy4id,sy4i8,sy4i4,sy4i3,sy4i1,UHgVpe,sy1x0,sy1x7,sy1xc,sy1xv,NyeqM,sy8qz,sy8pb,sy8qx,sy765,sy10e,sy10j,O63OXd,syja,aLUfP,wQlYve,sy3nx,sy2pr,sy11u,sy11v,sy11q,sy11w,sy11p,sy11x,sy11j,sy11i,sy11h,sy11k,sy11y,sy11z,sy11b,eZ9XOd,syxz,syxy,syy0,L1AAkb,sy151,sy152,YjTCDb,sy14z,sy150,q00IXe,syj5,sy14l,BYwJlf,PGyklf,sy157,sy156,sy155,sy153,sy14q,sy15a,Fh0l0,sy1mr,sy1ms,pzkXnb,sy14k,sy13f,FRLJrd,sy1mu,sy1mv,eBYPP,sy6aa,HYSCof,sy6c1,sHZ92c,VEbNoe,sy9s5,sy74d,sy1x2,KSk4yc?cb=121509378&xjs=s3:59:51
    at https://www.google.com/xjs/_/js/k=xjs.s.en_GB.ocrH4i9wb_A.2019.O/ck=xjs.s.HS0z8JDKf0A.L.B1.O/am=AAAQAAAAIAgAAAAAAAAAAACAAABEAAAAAAAAAAAAAAAAAAAAAAKAAAAABAAAAAAAAAAAACAAAAAAAAIAAAAAUEIAAAiAACgCIAAAAFAEACAAACgYEAEACAAAAAAAAAAo1AcQAMAAAAAAAAAPAAYAIQAAAAAAAAAAAAABAgQgAAkAAAAAAAAAIAAAAAAAAgAAACAAAAAAwAAAAwBAAEkAAABAhQIAAAgAAAgAAAAAAAAAAAARJAQAAAAkIAEAAPzNfAOABwAAAAAHAAAAAACAAAAAAAAAAAAIAAAAwEAiDQAAABAAAIAwYgEAAADBAACAABAQAAEAAAAAAAAgkAAJAICAAQACAAAwAAAAAAAAAAACAAhCIQAAAoACEBAAABAAOAAEAAAAAAAAAAEBAAAAAIAAAAABAAgEIAQQAAAAAAAIAAAAFIAAAAAAOQAAAAAAAAAQSAAgAAEARpABAEgUBEAEACBAAAMAAEAEAAAAAFAAQsIPAARAAAAAAACAEwAAAABAQAAAAAASAABLIBAAYAAAAACQA-DxABwiKAAAAAAAAAAAAAAAAAAAAAAAAAAAAVAA40DyCwIgAAAAAAAAAAAAAAAAAAAAAAAAAAAAAJAiPAUAAAAAALA1ACA/d=0/dg=0/br=1/ujg=1/rs=ACT90oHtrgvmQQXObrfw5QGyj9GVvh-aYA/cb=loaded_h_0/m=sy1r7,d8nTDf,sy35d,sy35c,Kqhykb,CIZTGb,sy1r4,sy1r5,sy1r1,sy1r2,sy1qz,HIg7cd,syzz,QVaUhf,sy1rk,sy1rj,sy1rh,sy1ri,SJpD2c,eAR4Hf,sy6bp,nN2e1e,kQvlef,sy390,WlNQGd,sy1wv,sy1xt,Tia57b,KpRAue,X8jtef,sy6bq,OXpAmf,sy5rh,sy37x,sy161,syv8,syp6,sy1vy,sy1vw,sy1vz,sy5rg,nRwWne,sy4ih,sy4id,sy4i8,sy4i4,sy4i3,sy4i1,UHgVpe,sy1x0,sy1x7,sy1xc,sy1xv,NyeqM,sy8qz,sy8pb,sy8qx,sy765,sy10e,sy10j,O63OXd,syja,aLUfP,wQlYve,sy3nx,sy2pr,sy11u,sy11v,sy11q,sy11w,sy11p,sy11x,sy11j,sy11i,sy11h,sy11k,sy11y,sy11z,sy11b,eZ9XOd,syxz,syxy,syy0,L1AAkb,sy151,sy152,YjTCDb,sy14z,sy150,q00IXe,syj5,sy14l,BYwJlf,PGyklf,sy157,sy156,sy155,sy153,sy14q,sy15a,Fh0l0,sy1mr,sy1ms,pzkXnb,sy14k,sy13f,FRLJrd,sy1mu,sy1mv,eBYPP,sy6aa,HYSCof,sy6c1,sHZ92c,VEbNoe,sy9s5,sy74d,sy1x2,KSk4yc?cb=121509378&xjs=s3:3:934
    at _.Lh.v (https://www.gstatic.com/og/_/js/k=og.asy.en_US.tCcwxYFo2OQ.2019.O/rt=j/m=_ac,_awd,ada,lldp,qads/exm=/d=1/ed=1/rs=AA2YrTsQS372_IBtlHypMBVngIiWg5aPdw:128:285)
    at Array.forEach (<anonymous>)
    at _.Wd (https://www.gstatic.com/og/_/js/k=og.asy.en_US.tCcwxYFo2OQ.2019.O/rt=j/m=_ac,_awd,ada,lldp,qads/exm=/d=1/ed=1/rs=AA2YrTsQS372_IBtlHypMBVngIiWg5aPdw:69:881)
    at Nh (https://www.gstatic.com/og/_/js/k=og.asy.en_US.tCcwxYFo2OQ.2019.O/rt=j/m=_ac,_awd,ada,lldp,qads/exm=/d=1/ed=1/rs=AA2YrTsQS372_IBtlHypMBVngIiWg5aPdw:127:680) @ https://www.gstatic.com/og/_/js/k=og.asy.en_US.tCcwxYFo2OQ.2019.O/rt=j/m=_ac,_awd,ada,lldp,qads/exm=/d=1/ed=1/rs=AA2YrTsQS372_IBtlHypMBVngIiWg5aPdw:126
[    7067ms] [ERROR] Refused to get unsafe header "X-Sg-Cs" @ https://www.google.com/search?q=flipkart&rlz=1C1RXQR_enIN1107IN1108&oq=flip&gs_lcrp=EgZjaHJvbWUqEggAEAAYQxjjAhixAxiABBiKBTISCAAQABhDGOMCGLEDGIAEGIoFMhUIARAuGEMYxwEYsQMY0QMYgAQYigUyBggCEEUYOTINCAMQABiDARixAxiABDIPCAQQLhhDGIAEGOUEGIoFMg8IBRAAGEMYsQMYgAQYigUyDQgGEAAYgwEYsQMYgAQyCggHEAAYsQMYgAQyBwgIEAAYgATSAQk0MjI1ajBqMTWoAgCwAgA&sourceid=chrome&ie=UTF-8:54
[    7067ms] [ERROR] Refused to get unsafe header "X-Sorry-Redirect" @ https://www.google.com/search?q=flipkart&rlz=1C1RXQR_enIN1107IN1108&oq=flip&gs_lcrp=EgZjaHJvbWUqEggAEAAYQxjjAhixAxiABBiKBTISCAAQABhDGOMCGLEDGIAEGIoFMhUIARAuGEMYxwEYsQMY0QMYgAQYigUyBggCEEUYOTINCAMQABiDARixAxiABDIPCAQQLhhDGIAEGOUEGIoFMg8IBRAAGEMYsQMYgAQYigUyDQgGEAAYgwEYsQMYgAQyCggHEAAYsQMYgAQyBwgIEAAYgATSAQk0MjI1ajBqMTWoAgCwAgA&sourceid=chrome&ie=UTF-8:54
[    7239ms] [ERROR] Refused to get unsafe header "X-Sg-Cs" @ https://www.google.com/search?q=flipkart&rlz=1C1RXQR_enIN1107IN1108&oq=flip&gs_lcrp=EgZjaHJvbWUqEggAEAAYQxjjAhixAxiABBiKBTISCAAQABhDGOMCGLEDGIAEGIoFMhUIARAuGEMYxwEYsQMY0QMYgAQYigUyBggCEEUYOTINCAMQABiDARixAxiABDIPCAQQLhhDGIAEGOUEGIoFMg8IBRAAGEMYsQMYgAQYigUyDQgGEAAYgwEYsQMYgAQyCggHEAAYsQMYgAQyBwgIEAAYgATSAQk0MjI1ajBqMTWoAgCwAgA&sourceid=chrome&ie=UTF-8:54
[    7239ms] [ERROR] Refused to get unsafe header "X-Sorry-Redirect" @ https://www.google.com/search?q=flipkart&rlz=1C1RXQR_enIN1107IN1108&oq=flip&gs_lcrp=EgZjaHJvbWUqEggAEAAYQxjjAhixAxiABBiKBTISCAAQABhDGOMCGLEDGIAEGIoFMhUIARAuGEMYxwEYsQMY0QMYgAQYigUyBggCEEUYOTINCAMQABiDARixAxiABDIPCAQQLhhDGIAEGOUEGIoFMg8IBRAAGEMYsQMYgAQYigUyDQgGEAAYgwEYsQMYgAQyCggHEAAYsQMYgAQyBwgIEAAYgATSAQk0MjI1ajBqMTWoAgCwAgA&sourceid=chrome&ie=UTF-8:54
[    9428ms] [ERROR] Failed to load resource: the server responded with a status of 406 (Not) @ https://sonic.fdp.api.flipkart.com/4/data/collector/business:0
[    9443ms] [ERROR] Failed to load resource: the server responded with a status of 406 (Not) @ https://sonic.fdp.api.flipkart.com/4/data/collector/business:0
[    9545ms] [WARNING] <meta name="apple-mobile-web-app-capable" content="yes"> is deprecated. Please include <meta name="mobile-web-app-capable" content="yes"> @ https://www.flipkart.com/:0
[    9616ms] [LOG] ServiceWorker registration successful with scope:  https://www.flipkart.com/ @ https://www.flipkart.com/:1817
[    9625ms] [LOG] Sync registration successfull for web push Heart beat @ https://www.flipkart.com/:1846
[    9720ms] [ERROR] Access to fetch at 'https://static-assets-web.flixcart.com/www/linchpin/batman-returns/codes.json' from origin 'https://www.flipkart.com' has been blocked by CORS policy: Request header field x-user-agent is not allowed by Access-Control-Allow-Headers in preflight response. @ https://www.flipkart.com/:0
[    9720ms] [ERROR] Failed to load resource: net::ERR_FAILED @ https://static-assets-web.flixcart.com/www/linchpin/batman-returns/codes.json:0
[   10209ms] [WARNING] Warning: Component with name Placeholderis not available. Returning a fallback View @ https://static-assets-web.flixcart.com/batman-returns/batman-returns/p/6056e0fb6d3119d75980a398cb5819a8/CrossCommon.js:0
[   10226ms] [WARNING] Warning: Component with name RNShimmeringViewis not available. Returning a fallback View @ https://static-assets-web.flixcart.com/batman-returns/batman-returns/p/6056e0fb6d3119d75980a398cb5819a8/CrossCommon.js:0
[   10238ms] [WARNING] Warning: Component with name GifViewis not available. Returning a fallback View @ https://static-assets-web.flixcart.com/batman-returns/batman-returns/p/6056e0fb6d3119d75980a398cb5819a8/CrossCommon.js:0
[   10238ms] [WARNING] Warning: Component with name LiveVideoViewis not available. Returning a fallback View @ https://static-assets-web.flixcart.com/batman-returns/batman-returns/p/6056e0fb6d3119d75980a398cb5819a8/CrossCommon.js:0
[   10238ms] [WARNING] Warning: Component with name HybridConditionTrackerViewis not available. Returning a fallback View @ https://static-assets-web.flixcart.com/batman-returns/batman-returns/p/6056e0fb6d3119d75980a398cb5819a8/CrossCommon.js:0
[   10585ms] [ERROR] Access to fetch at 'https://static-assets-web.flixcart.com/apex-static/images/svgs/L1Nav/mobiles.svg' from origin 'https://www.flipkart.com' has been blocked by CORS policy: Request header field x-user-agent is not allowed by Access-Control-Allow-Headers in preflight response. @ https://www.flipkart.com/:0
[   10585ms] [ERROR] Failed to load resource: net::ERR_FAILED @ https://static-assets-web.flixcart.com/apex-static/images/svgs/L1Nav/mobiles.svg:0
[   10599ms] [ERROR] Access to fetch at 'https://static-assets-web.flixcart.com/apex-static/images/svgs/L1Nav/fashion.svg' from origin 'https://www.flipkart.com' has been blocked by CORS policy: Request header field x-user-agent is not allowed by Access-Control-Allow-Headers in preflight response. @ https://www.flipkart.com/:0
[   10599ms] [ERROR] Failed to load resource: net::ERR_FAILED @ https://static-assets-web.flixcart.com/apex-static/images/svgs/L1Nav/fashion.svg:0
[   10602ms] [ERROR] Access to fetch at 'https://static-assets-web.flixcart.com/apex-static/images/svgs/L1Nav/electronics.svg' from origin 'https://www.flipkart.com' has been blocked by CORS policy: Request header field x-user-agent is not allowed by Access-Control-Allow-Headers in preflight response. @ https://www.flipkart.com/:0
[   10602ms] [ERROR] Failed to load resource: net::ERR_FAILED @ https://static-assets-web.flixcart.com/apex-static/images/svgs/L1Nav/electronics.svg:0
[   10637ms] [ERROR] Access to fetch at 'https://static-assets-web.flixcart.com/apex-static/images/svgs/L1Nav/all.svg' from origin 'https://www.flipkart.com' has been blocked by CORS policy: Request header field x-user-agent is not allowed by Access-Control-Allow-Headers in preflight response. @ https://www.flipkart.com/:0
[   10638ms] [ERROR] Failed to load resource: net::ERR_FAILED @ https://static-assets-web.flixcart.com/apex-static/images/svgs/L1Nav/all.svg:0
[   10644ms] [ERROR] Access to fetch at 'https://static-assets-web.flixcart.com/apex-static/images/svgs/L1Nav/home-final.svg' from origin 'https://www.flipkart.com' has been blocked by CORS policy: Request header field x-user-agent is not allowed by Access-Control-Allow-Headers in preflight response. @ https://www.flipkart.com/:0
[   10644ms] [ERROR] Failed to load resource: net::ERR_FAILED @ https://static-assets-web.flixcart.com/apex-static/images/svgs/L1Nav/home-final.svg:0
[   10677ms] [ERROR] Access to fetch at 'https://static-assets-web.flixcart.com/apex-static/images/svgs/L1Nav/toy.svg' from origin 'https://www.flipkart.com' has been blocked by CORS policy: Request header field x-user-agent is not allowed by Access-Control-Allow-Headers in preflight response. @ https://www.flipkart.com/:0
[   10677ms] [ERROR] Failed to load resource: net::ERR_FAILED @ https://static-assets-web.flixcart.com/apex-static/images/svgs/L1Nav/toy.svg:0
[   10691ms] [ERROR] Access to fetch at 'https://static-assets-web.flixcart.com/apex-static/images/svgs/L1Nav/tv.svg' from origin 'https://www.flipkart.com' has been blocked by CORS policy: Request header field x-user-agent is not allowed by Access-Control-Allow-Headers in preflight response. @ https://www.flipkart.com/:0
[   10692ms] [ERROR] Failed to load resource: net::ERR_FAILED @ https://static-assets-web.flixcart.com/apex-static/images/svgs/L1Nav/tv.svg:0
[   10692ms] [ERROR] Access to fetch at 'https://static-assets-web.flixcart.com/apex-static/images/svgs/L1Nav/beauty.svg' from origin 'https://www.flipkart.com' has been blocked by CORS policy: Request header field x-user-agent is not allowed by Access-Control-Allow-Headers in preflight response. @ https://www.flipkart.com/:0
[   10692ms] [ERROR] Failed to load resource: net::ERR_FAILED @ https://static-assets-web.flixcart.com/apex-static/images/svgs/L1Nav/beauty.svg:0
[   10738ms] [ERROR] Access to fetch at 'https://static-assets-web.flixcart.com/apex-static/images/svgs/L1Nav/food.svg' from origin 'https://www.flipkart.com' has been blocked by CORS policy: Request header field x-user-agent is not allowed by Access-Control-Allow-Headers in preflight response. @ https://www.flipkart.com/:0
[   10738ms] [ERROR] Failed to load resource: net::ERR_FAILED @ https://static-assets-web.flixcart.com/apex-static/images/svgs/L1Nav/food.svg:0
[   10739ms] [ERROR] Access to fetch at 'https://static-assets-web.flixcart.com/apex-static/images/svgs/L1Nav/auto-acc.svg' from origin 'https://www.flipkart.com' has been blocked by CORS policy: Request header field x-user-agent is not allowed by Access-Control-Allow-Headers in preflight response. @ https://www.flipkart.com/:0
[   10739ms] [ERROR] Failed to load resource: net::ERR_FAILED @ https://static-assets-web.flixcart.com/apex-static/images/svgs/L1Nav/auto-acc.svg:0
[   10767ms] [ERROR] Access to fetch at 'https://static-assets-web.flixcart.com/apex-static/images/svgs/L1Nav/furniture.svg' from origin 'https://www.flipkart.com' has been blocked by CORS policy: Request header field x-user-agent is not allowed by Access-Control-Allow-Headers in preflight response. @ https://www.flipkart.com/:0
[   10767ms] [ERROR] Failed to load resource: net::ERR_FAILED @ https://static-assets-web.flixcart.com/apex-static/images/svgs/L1Nav/furniture.svg:0
[   10775ms] [ERROR] Access to fetch at 'https://static-assets-web.flixcart.com/apex-static/images/svgs/L1Nav/sport.svg' from origin 'https://www.flipkart.com' has been blocked by CORS policy: Request header field x-user-agent is not allowed by Access-Control-Allow-Headers in preflight response. @ https://www.flipkart.com/:0
[   10775ms] [ERROR] Failed to load resource: net::ERR_FAILED @ https://static-assets-web.flixcart.com/apex-static/images/svgs/L1Nav/sport.svg:0
[   10812ms] [ERROR] Access to fetch at 'https://static-assets-web.flixcart.com/apex-static/images/svgs/L1Nav/books.svg' from origin 'https://www.flipkart.com' has been blocked by CORS policy: Request header field x-user-agent is not allowed by Access-Control-Allow-Headers in preflight response. @ https://www.flipkart.com/:0
[   10813ms] [ERROR] Failed to load resource: net::ERR_FAILED @ https://static-assets-web.flixcart.com/apex-static/images/svgs/L1Nav/books.svg:0
[   10843ms] [ERROR] Access to fetch at 'https://static-assets-web.flixcart.com/apex-static/images/svgs/L1Nav/auto-new.svg' from origin 'https://www.flipkart.com' has been blocked by CORS policy: Request header field x-user-agent is not allowed by Access-Control-Allow-Headers in preflight response. @ https://www.flipkart.com/:0
[   10843ms] [ERROR] Failed to load resource: net::ERR_FAILED @ https://static-assets-web.flixcart.com/apex-static/images/svgs/L1Nav/auto-new.svg:0
[   16648ms] [LOG] Flipkart ♥'s web @ https://static-assets-web.flixcart.com/fk-p-linchpin-web/fk-cp-zion/js/app.5f2bb259.js:0
[   16676ms] [LOG] ServiceWorker registration successful with scope:  https://www.flipkart.com/ @ https://www.flipkart.com/search?q=mobiles&as=on&as-show=on&otracker=AS_Query_TrendingAutoSuggest_1_0_na_na_na&otracker1=AS_Query_TrendingAutoSuggest_1_0_na_na_na&as-pos=1&as-type=TRENDING&suggestionId=mobiles&requestId=637767ee-eefc-4dea-ac8c-9c2fd1c77ddf:68
[   16735ms] [ERROR] Failed to load resource: the server responded with a status of 406 (Not) @ https://sonic.fdp.api.flipkart.com/4/data/collector/business:0
