[    5081ms] [INFO] %cDownload the React DevTools for a better development experience: https://reactjs.org/link/react-devtools font-weight:bold @ webpack-internal:///(app-pages-browser)/./node_modules/next/dist/compiled/react-dom/cjs/react-dom.development.js:32365
[    6073ms] [LOG] %c[Vercel Web Analytics]%c Debug mode is enabled by default in development. No requests will be sent to the server. color: rgb(120, 120, 120) color: inherit @ https://va.vercel-scripts.com/v1/script.debug.js:0
[    6073ms] [LOG] %c[Vercel Web Analytics]%c [view] http://localhost:3001/ color: rgb(120, 120, 120) color: inherit {o: http://localhost:3001/, sv: 0.1.3, sdkn: @vercel/analytics/react, sdkv: 1.3.1, ts: 1781896261172} /_vercel/insights/view @ https://va.vercel-scripts.com/v1/script.debug.js:0
[  237364ms] [LOG] [Fast Refresh] rebuilding @ webpack-internal:///(app-pages-browser)/./node_modules/next/dist/client/components/react-dev-overlay/hot-reloader-client.js:180
[  240629ms] [ERROR] Failed to load resource: the server responded with a status of 404 (Not Found) @ http://localhost:3001/_next/static/webpack/fc8a392f7141bd5d.webpack.hot-update.json:0
[  244692ms] [INFO] %cDownload the React DevTools for a better development experience: https://reactjs.org/link/react-devtools font-weight:bold @ webpack-internal:///(app-pages-browser)/./node_modules/next/dist/compiled/react-dom/cjs/react-dom.development.js:32365
[  245834ms] [LOG] %c[Vercel Web Analytics]%c Debug mode is enabled by default in development. No requests will be sent to the server. color: rgb(120, 120, 120) color: inherit @ https://va.vercel-scripts.com/v1/script.debug.js:0
[  245835ms] [LOG] %c[Vercel Web Analytics]%c [view] http://localhost:3001/ color: rgb(120, 120, 120) color: inherit {o: http://localhost:3001/, sv: 0.1.3, sdkn: @vercel/analytics/react, sdkv: 1.3.1, ts: 1781896500934} /_vercel/insights/view @ https://va.vercel-scripts.com/v1/script.debug.js:0
[  357569ms] [LOG] [Fast Refresh] rebuilding @ webpack-internal:///(app-pages-browser)/./node_modules/next/dist/client/components/react-dev-overlay/hot-reloader-client.js:180
[  695262ms] [LOG] [Fast Refresh] rebuilding @ webpack-internal:///(app-pages-browser)/./node_modules/next/dist/client/components/react-dev-overlay/hot-reloader-client.js:180
[  696191ms] [LOG] [Fast Refresh] rebuilding @ webpack-internal:///(app-pages-browser)/./node_modules/next/dist/client/components/react-dev-overlay/hot-reloader-client.js:180
[  696251ms] [LOG] [HMR] Detected local css modules. Reload all css @ webpack-internal:///(app-pages-browser)/./node_modules/next/dist/compiled/mini-css-extract-plugin/hmr/hotModuleReplacement.js:160
[  699334ms] [WARNING] The resource http://localhost:3001/_next/static/css/app/page.css?v=1781896951321 was preloaded using link preload but not used within a few seconds from the window's load event. Please make sure it has an appropriate `as` value and it is preloaded intentionally. @ http://localhost:3001/:0
[  699334ms] [WARNING] The resource http://localhost:3001/_next/static/css/app/layout.css?v=1781896951321 was preloaded using link preload but not used within a few seconds from the window's load event. Please make sure it has an appropriate `as` value and it is preloaded intentionally. @ http://localhost:3001/:0
[  726281ms] [LOG] [Fast Refresh] rebuilding @ webpack-internal:///(app-pages-browser)/./node_modules/next/dist/client/components/react-dev-overlay/hot-reloader-client.js:180
[  726649ms] [LOG] [HMR] Detected local css modules. Reload all css @ webpack-internal:///(app-pages-browser)/./node_modules/next/dist/compiled/mini-css-extract-plugin/hmr/hotModuleReplacement.js:160
[  726698ms] [LOG] [Fast Refresh] rebuilding @ webpack-internal:///(app-pages-browser)/./node_modules/next/dist/client/components/react-dev-overlay/hot-reloader-client.js:180
[  730019ms] [WARNING] The resource http://localhost:3001/_next/static/css/app/layout.css?v=1781896982006 was preloaded using link preload but not used within a few seconds from the window's load event. Please make sure it has an appropriate `as` value and it is preloaded intentionally. @ http://localhost:3001/:0
[  730019ms] [WARNING] The resource http://localhost:3001/_next/static/css/app/page.css?v=1781896982006 was preloaded using link preload but not used within a few seconds from the window's load event. Please make sure it has an appropriate `as` value and it is preloaded intentionally. @ http://localhost:3001/:0
[  730019ms] [WARNING] The resource http://localhost:3001/_next/static/css/app/layout.css?1781896981750 was preloaded using link preload but not used within a few seconds from the window's load event. Please make sure it has an appropriate `as` value and it is preloaded intentionally. @ http://localhost:3001/:0
[  735023ms] [WARNING] The resource http://localhost:3001/_next/static/css/app/layout.css?1781896981750 was preloaded using link preload but not used within a few seconds from the window's load event. Please make sure it has an appropriate `as` value and it is preloaded intentionally. @ http://localhost:3001/:0
[  830831ms] [LOG] [Fast Refresh] rebuilding @ webpack-internal:///(app-pages-browser)/./node_modules/next/dist/client/components/react-dev-overlay/hot-reloader-client.js:180
[  831205ms] [LOG] [Fast Refresh] rebuilding @ webpack-internal:///(app-pages-browser)/./node_modules/next/dist/client/components/react-dev-overlay/hot-reloader-client.js:180
[  831261ms] [LOG] [HMR] Detected local css modules. Reload all css @ webpack-internal:///(app-pages-browser)/./node_modules/next/dist/compiled/mini-css-extract-plugin/hmr/hotModuleReplacement.js:160
[  834392ms] [WARNING] The resource http://localhost:3001/_next/static/css/app/layout.css?1781897086383 was preloaded using link preload but not used within a few seconds from the window's load event. Please make sure it has an appropriate `as` value and it is preloaded intentionally. @ http://localhost:3001/:0
[  834392ms] [WARNING] The resource http://localhost:3001/_next/static/css/app/page.css?1781897086383 was preloaded using link preload but not used within a few seconds from the window's load event. Please make sure it has an appropriate `as` value and it is preloaded intentionally. @ http://localhost:3001/:0
[  834392ms] [WARNING] The resource http://localhost:3001/_next/static/css/app/layout.css?1781896981750 was preloaded using link preload but not used within a few seconds from the window's load event. Please make sure it has an appropriate `as` value and it is preloaded intentionally. @ http://localhost:3001/:0
[  834392ms] [WARNING] The resource http://localhost:3001/_next/static/css/app/layout.css?v=1781897086389 was preloaded using link preload but not used within a few seconds from the window's load event. Please make sure it has an appropriate `as` value and it is preloaded intentionally. @ http://localhost:3001/:0
[  834392ms] [WARNING] The resource http://localhost:3001/_next/static/css/app/page.css?v=1781897086389 was preloaded using link preload but not used within a few seconds from the window's load event. Please make sure it has an appropriate `as` value and it is preloaded intentionally. @ http://localhost:3001/:0
[  842413ms] [WARNING] The resource http://localhost:3001/_next/static/css/app/layout.css?1781897086383 was preloaded using link preload but not used within a few seconds from the window's load event. Please make sure it has an appropriate `as` value and it is preloaded intentionally. @ http://localhost:3001/:0
[  842413ms] [WARNING] The resource http://localhost:3001/_next/static/css/app/page.css?1781897086383 was preloaded using link preload but not used within a few seconds from the window's load event. Please make sure it has an appropriate `as` value and it is preloaded intentionally. @ http://localhost:3001/:0
[  842413ms] [WARNING] The resource http://localhost:3001/_next/static/css/app/layout.css?1781896981750 was preloaded using link preload but not used within a few seconds from the window's load event. Please make sure it has an appropriate `as` value and it is preloaded intentionally. @ http://localhost:3001/:0
[ 1338534ms] [LOG] [Fast Refresh] rebuilding @ webpack-internal:///(app-pages-browser)/./node_modules/next/dist/client/components/react-dev-overlay/hot-reloader-client.js:180
[ 1338844ms] [LOG] [Fast Refresh] rebuilding @ webpack-internal:///(app-pages-browser)/./node_modules/next/dist/client/components/react-dev-overlay/hot-reloader-client.js:180
[ 1339242ms] [ERROR] Failed to load resource: the server responded with a status of 404 (Not Found) @ http://localhost:3001/urbanex-logo-transparent.png:0
[ 1342248ms] [WARNING] The resource http://localhost:3001/_next/static/css/app/layout.css?1781897086383 was preloaded using link preload but not used within a few seconds from the window's load event. Please make sure it has an appropriate `as` value and it is preloaded intentionally. @ http://localhost:3001/:0
[ 1342248ms] [WARNING] The resource http://localhost:3001/_next/static/css/app/page.css?1781897086383 was preloaded using link preload but not used within a few seconds from the window's load event. Please make sure it has an appropriate `as` value and it is preloaded intentionally. @ http://localhost:3001/:0
[ 1342248ms] [WARNING] The resource http://localhost:3001/_next/static/css/app/layout.css?1781896981750 was preloaded using link preload but not used within a few seconds from the window's load event. Please make sure it has an appropriate `as` value and it is preloaded intentionally. @ http://localhost:3001/:0
[ 1550770ms] [INFO] %cDownload the React DevTools for a better development experience: https://reactjs.org/link/react-devtools font-weight:bold @ webpack-internal:///(app-pages-browser)/./node_modules/next/dist/compiled/react-dom/cjs/react-dom.development.js:32365
[ 1551180ms] [LOG] %c[Vercel Web Analytics]%c Debug mode is enabled by default in development. No requests will be sent to the server. color: rgb(120, 120, 120) color: inherit @ https://va.vercel-scripts.com/v1/script.debug.js:0
[ 1551180ms] [LOG] %c[Vercel Web Analytics]%c [view] http://localhost:3001/ color: rgb(120, 120, 120) color: inherit {o: http://localhost:3001/, sv: 0.1.3, sdkn: @vercel/analytics/react, sdkv: 1.3.1, ts: 1781897806280} /_vercel/insights/view @ https://va.vercel-scripts.com/v1/script.debug.js:0
[ 1734094ms] [LOG] [Fast Refresh] rebuilding @ webpack-internal:///(app-pages-browser)/./node_modules/next/dist/client/components/react-dev-overlay/hot-reloader-client.js:180
[ 1734826ms] [LOG] [Fast Refresh] rebuilding @ webpack-internal:///(app-pages-browser)/./node_modules/next/dist/client/components/react-dev-overlay/hot-reloader-client.js:180
[ 1735478ms] [ERROR] Failed to load resource: the server responded with a status of 404 (Not Found) @ http://localhost:3001/_next/static/webpack/58df4bc9a87246bb.webpack.hot-update.json:0
[ 1738485ms] [WARNING] The resource http://localhost:3001/_next/static/css/app/layout.css?v=1781897990119 was preloaded using link preload but not used within a few seconds from the window's load event. Please make sure it has an appropriate `as` value and it is preloaded intentionally. @ http://localhost:3001/:0
[ 1738485ms] [WARNING] The resource http://localhost:3001/_next/static/css/app/page.css?v=1781897990119 was preloaded using link preload but not used within a few seconds from the window's load event. Please make sure it has an appropriate `as` value and it is preloaded intentionally. @ http://localhost:3001/:0
[ 1740941ms] [INFO] %cDownload the React DevTools for a better development experience: https://reactjs.org/link/react-devtools font-weight:bold @ webpack-internal:///(app-pages-browser)/./node_modules/next/dist/compiled/react-dom/cjs/react-dom.development.js:32365
[ 1741633ms] [LOG] %c[Vercel Web Analytics]%c Debug mode is enabled by default in development. No requests will be sent to the server. color: rgb(120, 120, 120) color: inherit @ https://va.vercel-scripts.com/v1/script.debug.js:0
[ 1741634ms] [LOG] %c[Vercel Web Analytics]%c [view] http://localhost:3001/ color: rgb(120, 120, 120) color: inherit {o: http://localhost:3001/, sv: 0.1.3, sdkn: @vercel/analytics/react, sdkv: 1.3.1, ts: 1781897996733} /_vercel/insights/view @ https://va.vercel-scripts.com/v1/script.debug.js:0
[ 1745453ms] [LOG] [Fast Refresh] rebuilding @ webpack-internal:///(app-pages-browser)/./node_modules/next/dist/client/components/react-dev-overlay/hot-reloader-client.js:180
[ 1745802ms] [LOG] [HMR] Detected local css modules. Reload all css @ webpack-internal:///(app-pages-browser)/./node_modules/next/dist/compiled/mini-css-extract-plugin/hmr/hotModuleReplacement.js:160
[ 1845599ms] [LOG] [Fast Refresh] rebuilding @ webpack-internal:///(app-pages-browser)/./node_modules/next/dist/client/components/react-dev-overlay/hot-reloader-client.js:180
[ 1846546ms] [LOG] [HMR] Detected local css modules. Reload all css @ webpack-internal:///(app-pages-browser)/./node_modules/next/dist/compiled/mini-css-extract-plugin/hmr/hotModuleReplacement.js:160
[ 1853334ms] [WARNING] The resource http://localhost:3001/_next/static/css/app/layout.css?1781898101647 was preloaded using link preload but not used within a few seconds from the window's load event. Please make sure it has an appropriate `as` value and it is preloaded intentionally. @ http://localhost:3001/:0
[ 1853334ms] [WARNING] The resource http://localhost:3001/_next/static/css/app/page.css?1781898101648 was preloaded using link preload but not used within a few seconds from the window's load event. Please make sure it has an appropriate `as` value and it is preloaded intentionally. @ http://localhost:3001/:0
[ 1925618ms] [LOG] [Fast Refresh] rebuilding @ webpack-internal:///(app-pages-browser)/./node_modules/next/dist/client/components/react-dev-overlay/hot-reloader-client.js:180
[ 1926479ms] [LOG] [HMR] Detected local css modules. Reload all css @ webpack-internal:///(app-pages-browser)/./node_modules/next/dist/compiled/mini-css-extract-plugin/hmr/hotModuleReplacement.js:160
[ 1929800ms] [WARNING] The resource http://localhost:3001/_next/static/css/app/layout.css?1781898181580 was preloaded using link preload but not used within a few seconds from the window's load event. Please make sure it has an appropriate `as` value and it is preloaded intentionally. @ http://localhost:3001/:0
[ 1929800ms] [WARNING] The resource http://localhost:3001/_next/static/css/app/layout.css?1781898101647 was preloaded using link preload but not used within a few seconds from the window's load event. Please make sure it has an appropriate `as` value and it is preloaded intentionally. @ http://localhost:3001/:0
[ 1929800ms] [WARNING] The resource http://localhost:3001/_next/static/css/app/page.css?1781898101648 was preloaded using link preload but not used within a few seconds from the window's load event. Please make sure it has an appropriate `as` value and it is preloaded intentionally. @ http://localhost:3001/:0
[ 1929800ms] [WARNING] The resource http://localhost:3001/_next/static/css/app/layout.css?1781898181579 was preloaded using link preload but not used within a few seconds from the window's load event. Please make sure it has an appropriate `as` value and it is preloaded intentionally. @ http://localhost:3001/:0
[ 1929800ms] [WARNING] The resource http://localhost:3001/_next/static/css/app/page.css?1781898181580 was preloaded using link preload but not used within a few seconds from the window's load event. Please make sure it has an appropriate `as` value and it is preloaded intentionally. @ http://localhost:3001/:0
[ 1971729ms] [LOG] [Fast Refresh] rebuilding @ webpack-internal:///(app-pages-browser)/./node_modules/next/dist/client/components/react-dev-overlay/hot-reloader-client.js:180
[ 1975710ms] [WARNING] The resource http://localhost:3001/_next/static/css/app/layout.css?1781898181580 was preloaded using link preload but not used within a few seconds from the window's load event. Please make sure it has an appropriate `as` value and it is preloaded intentionally. @ http://localhost:3001/:0
[ 1975710ms] [WARNING] The resource http://localhost:3001/_next/static/css/app/layout.css?1781898101647 was preloaded using link preload but not used within a few seconds from the window's load event. Please make sure it has an appropriate `as` value and it is preloaded intentionally. @ http://localhost:3001/:0
[ 1975710ms] [WARNING] The resource http://localhost:3001/_next/static/css/app/page.css?1781898101648 was preloaded using link preload but not used within a few seconds from the window's load event. Please make sure it has an appropriate `as` value and it is preloaded intentionally. @ http://localhost:3001/:0
[ 1975710ms] [WARNING] The resource http://localhost:3001/_next/static/css/app/layout.css?1781898181579 was preloaded using link preload but not used within a few seconds from the window's load event. Please make sure it has an appropriate `as` value and it is preloaded intentionally. @ http://localhost:3001/:0
[ 1975710ms] [WARNING] The resource http://localhost:3001/_next/static/css/app/page.css?1781898181580 was preloaded using link preload but not used within a few seconds from the window's load event. Please make sure it has an appropriate `as` value and it is preloaded intentionally. @ http://localhost:3001/:0
[ 2042937ms] [LOG] [Fast Refresh] rebuilding @ webpack-internal:///(app-pages-browser)/./node_modules/next/dist/client/components/react-dev-overlay/hot-reloader-client.js:180
[ 2043796ms] [LOG] [HMR] Detected local css modules. Reload all css @ webpack-internal:///(app-pages-browser)/./node_modules/next/dist/compiled/mini-css-extract-plugin/hmr/hotModuleReplacement.js:160
[ 2047145ms] [WARNING] The resource http://localhost:3001/_next/static/css/app/layout.css?1781898181580 was preloaded using link preload but not used within a few seconds from the window's load event. Please make sure it has an appropriate `as` value and it is preloaded intentionally. @ http://localhost:3001/:0
[ 2047145ms] [WARNING] The resource http://localhost:3001/_next/static/css/app/page.css?1781898101648 was preloaded using link preload but not used within a few seconds from the window's load event. Please make sure it has an appropriate `as` value and it is preloaded intentionally. @ http://localhost:3001/:0
[ 2047145ms] [WARNING] The resource http://localhost:3001/_next/static/css/app/layout.css?1781898298900 was preloaded using link preload but not used within a few seconds from the window's load event. Please make sure it has an appropriate `as` value and it is preloaded intentionally. @ http://localhost:3001/:0
[ 2047145ms] [WARNING] The resource http://localhost:3001/_next/static/css/app/layout.css?1781898298899 was preloaded using link preload but not used within a few seconds from the window's load event. Please make sure it has an appropriate `as` value and it is preloaded intentionally. @ http://localhost:3001/:0
[ 2047145ms] [WARNING] The resource http://localhost:3001/_next/static/css/app/page.css?1781898181580 was preloaded using link preload but not used within a few seconds from the window's load event. Please make sure it has an appropriate `as` value and it is preloaded intentionally. @ http://localhost:3001/:0
[ 2047145ms] [WARNING] The resource http://localhost:3001/_next/static/css/app/page.css?1781898298901 was preloaded using link preload but not used within a few seconds from the window's load event. Please make sure it has an appropriate `as` value and it is preloaded intentionally. @ http://localhost:3001/:0
[ 2047145ms] [WARNING] The resource http://localhost:3001/_next/static/css/app/layout.css?v=1781898298918 was preloaded using link preload but not used within a few seconds from the window's load event. Please make sure it has an appropriate `as` value and it is preloaded intentionally. @ http://localhost:3001/:0
[ 2047145ms] [WARNING] The resource http://localhost:3001/_next/static/css/app/page.css?v=1781898298918 was preloaded using link preload but not used within a few seconds from the window's load event. Please make sure it has an appropriate `as` value and it is preloaded intentionally. @ http://localhost:3001/:0
[ 2047145ms] [WARNING] The resource http://localhost:3001/_next/static/css/app/layout.css?1781898101647 was preloaded using link preload but not used within a few seconds from the window's load event. Please make sure it has an appropriate `as` value and it is preloaded intentionally. @ http://localhost:3001/:0
[ 2047145ms] [WARNING] The resource http://localhost:3001/_next/static/css/app/layout.css?1781898181579 was preloaded using link preload but not used within a few seconds from the window's load event. Please make sure it has an appropriate `as` value and it is preloaded intentionally. @ http://localhost:3001/:0
[ 2047145ms] [WARNING] The resource http://localhost:3001/_next/static/css/app/page.css?1781898298900 was preloaded using link preload but not used within a few seconds from the window's load event. Please make sure it has an appropriate `as` value and it is preloaded intentionally. @ http://localhost:3001/:0
[ 2051511ms] [WARNING] The resource http://localhost:3001/_next/static/css/app/layout.css?1781898181580 was preloaded using link preload but not used within a few seconds from the window's load event. Please make sure it has an appropriate `as` value and it is preloaded intentionally. @ http://localhost:3001/:0
[ 2051511ms] [WARNING] The resource http://localhost:3001/_next/static/css/app/page.css?1781898101648 was preloaded using link preload but not used within a few seconds from the window's load event. Please make sure it has an appropriate `as` value and it is preloaded intentionally. @ http://localhost:3001/:0
[ 2051511ms] [WARNING] The resource http://localhost:3001/_next/static/css/app/layout.css?1781898298900 was preloaded using link preload but not used within a few seconds from the window's load event. Please make sure it has an appropriate `as` value and it is preloaded intentionally. @ http://localhost:3001/:0
[ 2051511ms] [WARNING] The resource http://localhost:3001/_next/static/css/app/layout.css?1781898298899 was preloaded using link preload but not used within a few seconds from the window's load event. Please make sure it has an appropriate `as` value and it is preloaded intentionally. @ http://localhost:3001/:0
[ 2051511ms] [WARNING] The resource http://localhost:3001/_next/static/css/app/page.css?1781898181580 was preloaded using link preload but not used within a few seconds from the window's load event. Please make sure it has an appropriate `as` value and it is preloaded intentionally. @ http://localhost:3001/:0
[ 2051511ms] [WARNING] The resource http://localhost:3001/_next/static/css/app/page.css?1781898298901 was preloaded using link preload but not used within a few seconds from the window's load event. Please make sure it has an appropriate `as` value and it is preloaded intentionally. @ http://localhost:3001/:0
[ 2051511ms] [WARNING] The resource http://localhost:3001/_next/static/css/app/layout.css?1781898101647 was preloaded using link preload but not used within a few seconds from the window's load event. Please make sure it has an appropriate `as` value and it is preloaded intentionally. @ http://localhost:3001/:0
[ 2051511ms] [WARNING] The resource http://localhost:3001/_next/static/css/app/layout.css?1781898181579 was preloaded using link preload but not used within a few seconds from the window's load event. Please make sure it has an appropriate `as` value and it is preloaded intentionally. @ http://localhost:3001/:0
[ 2051511ms] [WARNING] The resource http://localhost:3001/_next/static/css/app/page.css?1781898298900 was preloaded using link preload but not used within a few seconds from the window's load event. Please make sure it has an appropriate `as` value and it is preloaded intentionally. @ http://localhost:3001/:0
[ 2053805ms] [LOG] [Fast Refresh] rebuilding @ webpack-internal:///(app-pages-browser)/./node_modules/next/dist/client/components/react-dev-overlay/hot-reloader-client.js:180
[ 2054368ms] [LOG] [HMR] Detected local css modules. Reload all css @ webpack-internal:///(app-pages-browser)/./node_modules/next/dist/compiled/mini-css-extract-plugin/hmr/hotModuleReplacement.js:160
[ 2057770ms] [WARNING] The resource http://localhost:3001/_next/static/css/app/layout.css?v=1781898309694 was preloaded using link preload but not used within a few seconds from the window's load event. Please make sure it has an appropriate `as` value and it is preloaded intentionally. @ http://localhost:3001/:0
[ 2057770ms] [WARNING] The resource http://localhost:3001/_next/static/css/app/layout.css?1781898181580 was preloaded using link preload but not used within a few seconds from the window's load event. Please make sure it has an appropriate `as` value and it is preloaded intentionally. @ http://localhost:3001/:0
[ 2057770ms] [WARNING] The resource http://localhost:3001/_next/static/css/app/layout.css?1781898309470 was preloaded using link preload but not used within a few seconds from the window's load event. Please make sure it has an appropriate `as` value and it is preloaded intentionally. @ http://localhost:3001/:0
[ 2057770ms] [WARNING] The resource http://localhost:3001/_next/static/css/app/page.css?1781898298900 was preloaded using link preload but not used within a few seconds from the window's load event. Please make sure it has an appropriate `as` value and it is preloaded intentionally. @ http://localhost:3001/:0
[ 2057770ms] [WARNING] The resource http://localhost:3001/_next/static/css/app/page.css?1781898101648 was preloaded using link preload but not used within a few seconds from the window's load event. Please make sure it has an appropriate `as` value and it is preloaded intentionally. @ http://localhost:3001/:0
[ 2057770ms] [WARNING] The resource http://localhost:3001/_next/static/css/app/layout.css?1781898298900 was preloaded using link preload but not used within a few seconds from the window's load event. Please make sure it has an appropriate `as` value and it is preloaded intentionally. @ http://localhost:3001/:0
[ 2057770ms] [WARNING] The resource http://localhost:3001/_next/static/css/app/page.css?1781898309470 was preloaded using link preload but not used within a few seconds from the window's load event. Please make sure it has an appropriate `as` value and it is preloaded intentionally. @ http://localhost:3001/:0
[ 2057770ms] [WARNING] The resource http://localhost:3001/_next/static/css/app/page.css?1781898309471 was preloaded using link preload but not used within a few seconds from the window's load event. Please make sure it has an appropriate `as` value and it is preloaded intentionally. @ http://localhost:3001/:0
[ 2057770ms] [WARNING] The resource http://localhost:3001/_next/static/css/app/layout.css?1781898298899 was preloaded using link preload but not used within a few seconds from the window's load event. Please make sure it has an appropriate `as` value and it is preloaded intentionally. @ http://localhost:3001/:0
[ 2057770ms] [WARNING] The resource http://localhost:3001/_next/static/css/app/page.css?1781898181580 was preloaded using link preload but not used within a few seconds from the window's load event. Please make sure it has an appropriate `as` value and it is preloaded intentionally. @ http://localhost:3001/:0
[ 2057770ms] [WARNING] The resource http://localhost:3001/_next/static/css/app/page.css?1781898298901 was preloaded using link preload but not used within a few seconds from the window's load event. Please make sure it has an appropriate `as` value and it is preloaded intentionally. @ http://localhost:3001/:0
[ 2057770ms] [WARNING] The resource http://localhost:3001/_next/static/css/app/layout.css?1781898101647 was preloaded using link preload but not used within a few seconds from the window's load event. Please make sure it has an appropriate `as` value and it is preloaded intentionally. @ http://localhost:3001/:0
[ 2057770ms] [WARNING] The resource http://localhost:3001/_next/static/css/app/layout.css?1781898181579 was preloaded using link preload but not used within a few seconds from the window's load event. Please make sure it has an appropriate `as` value and it is preloaded intentionally. @ http://localhost:3001/:0
[ 2057770ms] [WARNING] The resource http://localhost:3001/_next/static/css/app/page.css?v=1781898309694 was preloaded using link preload but not used within a few seconds from the window's load event. Please make sure it has an appropriate `as` value and it is preloaded intentionally. @ http://localhost:3001/:0
[ 2057770ms] [WARNING] The resource http://localhost:3001/_next/static/css/app/layout.css?1781898309471 was preloaded using link preload but not used within a few seconds from the window's load event. Please make sure it has an appropriate `as` value and it is preloaded intentionally. @ http://localhost:3001/:0
[ 2063401ms] [WARNING] The resource http://localhost:3001/_next/static/css/app/layout.css?1781898181580 was preloaded using link preload but not used within a few seconds from the window's load event. Please make sure it has an appropriate `as` value and it is preloaded intentionally. @ http://localhost:3001/:0
[ 2063401ms] [WARNING] The resource http://localhost:3001/_next/static/css/app/layout.css?1781898309470 was preloaded using link preload but not used within a few seconds from the window's load event. Please make sure it has an appropriate `as` value and it is preloaded intentionally. @ http://localhost:3001/:0
[ 2063401ms] [WARNING] The resource http://localhost:3001/_next/static/css/app/page.css?1781898298900 was preloaded using link preload but not used within a few seconds from the window's load event. Please make sure it has an appropriate `as` value and it is preloaded intentionally. @ http://localhost:3001/:0
[ 2063401ms] [WARNING] The resource http://localhost:3001/_next/static/css/app/page.css?1781898101648 was preloaded using link preload but not used within a few seconds from the window's load event. Please make sure it has an appropriate `as` value and it is preloaded intentionally. @ http://localhost:3001/:0
[ 2063401ms] [WARNING] The resource http://localhost:3001/_next/static/css/app/layout.css?1781898298900 was preloaded using link preload but not used within a few seconds from the window's load event. Please make sure it has an appropriate `as` value and it is preloaded intentionally. @ http://localhost:3001/:0
[ 2063401ms] [WARNING] The resource http://localhost:3001/_next/static/css/app/page.css?1781898309470 was preloaded using link preload but not used within a few seconds from the window's load event. Please make sure it has an appropriate `as` value and it is preloaded intentionally. @ http://localhost:3001/:0
[ 2063401ms] [WARNING] The resource http://localhost:3001/_next/static/css/app/page.css?1781898309471 was preloaded using link preload but not used within a few seconds from the window's load event. Please make sure it has an appropriate `as` value and it is preloaded intentionally. @ http://localhost:3001/:0
[ 2063401ms] [WARNING] The resource http://localhost:3001/_next/static/css/app/layout.css?1781898298899 was preloaded using link preload but not used within a few seconds from the window's load event. Please make sure it has an appropriate `as` value and it is preloaded intentionally. @ http://localhost:3001/:0
[ 2063401ms] [WARNING] The resource http://localhost:3001/_next/static/css/app/page.css?1781898181580 was preloaded using link preload but not used within a few seconds from the window's load event. Please make sure it has an appropriate `as` value and it is preloaded intentionally. @ http://localhost:3001/:0
[ 2063401ms] [WARNING] The resource http://localhost:3001/_next/static/css/app/page.css?1781898298901 was preloaded using link preload but not used within a few seconds from the window's load event. Please make sure it has an appropriate `as` value and it is preloaded intentionally. @ http://localhost:3001/:0
[ 2063401ms] [WARNING] The resource http://localhost:3001/_next/static/css/app/layout.css?1781898101647 was preloaded using link preload but not used within a few seconds from the window's load event. Please make sure it has an appropriate `as` value and it is preloaded intentionally. @ http://localhost:3001/:0
[ 2063401ms] [WARNING] The resource http://localhost:3001/_next/static/css/app/layout.css?1781898181579 was preloaded using link preload but not used within a few seconds from the window's load event. Please make sure it has an appropriate `as` value and it is preloaded intentionally. @ http://localhost:3001/:0
[ 2063401ms] [WARNING] The resource http://localhost:3001/_next/static/css/app/layout.css?1781898309471 was preloaded using link preload but not used within a few seconds from the window's load event. Please make sure it has an appropriate `as` value and it is preloaded intentionally. @ http://localhost:3001/:0
[ 2133052ms] [LOG] [Fast Refresh] rebuilding @ webpack-internal:///(app-pages-browser)/./node_modules/next/dist/client/components/react-dev-overlay/hot-reloader-client.js:180
[ 2136739ms] [WARNING] The resource http://localhost:3001/_next/static/css/app/layout.css?1781898181580 was preloaded using link preload but not used within a few seconds from the window's load event. Please make sure it has an appropriate `as` value and it is preloaded intentionally. @ http://localhost:3001/:0
[ 2136741ms] [WARNING] The resource http://localhost:3001/_next/static/css/app/layout.css?1781898309470 was preloaded using link preload but not used within a few seconds from the window's load event. Please make sure it has an appropriate `as` value and it is preloaded intentionally. @ http://localhost:3001/:0
[ 2136741ms] [WARNING] The resource http://localhost:3001/_next/static/css/app/page.css?1781898298900 was preloaded using link preload but not used within a few seconds from the window's load event. Please make sure it has an appropriate `as` value and it is preloaded intentionally. @ http://localhost:3001/:0
[ 2136741ms] [WARNING] The resource http://localhost:3001/_next/static/css/app/page.css?1781898101648 was preloaded using link preload but not used within a few seconds from the window's load event. Please make sure it has an appropriate `as` value and it is preloaded intentionally. @ http://localhost:3001/:0
[ 2136741ms] [WARNING] The resource http://localhost:3001/_next/static/css/app/layout.css?1781898298900 was preloaded using link preload but not used within a few seconds from the window's load event. Please make sure it has an appropriate `as` value and it is preloaded intentionally. @ http://localhost:3001/:0
[ 2136741ms] [WARNING] The resource http://localhost:3001/_next/static/css/app/page.css?1781898309470 was preloaded using link preload but not used within a few seconds from the window's load event. Please make sure it has an appropriate `as` value and it is preloaded intentionally. @ http://localhost:3001/:0
[ 2136741ms] [WARNING] The resource http://localhost:3001/_next/static/css/app/page.css?1781898309471 was preloaded using link preload but not used within a few seconds from the window's load event. Please make sure it has an appropriate `as` value and it is preloaded intentionally. @ http://localhost:3001/:0
[ 2136741ms] [WARNING] The resource http://localhost:3001/_next/static/css/app/layout.css?1781898298899 was preloaded using link preload but not used within a few seconds from the window's load event. Please make sure it has an appropriate `as` value and it is preloaded intentionally. @ http://localhost:3001/:0
[ 2136741ms] [WARNING] The resource http://localhost:3001/_next/static/css/app/page.css?1781898181580 was preloaded using link preload but not used within a few seconds from the window's load event. Please make sure it has an appropriate `as` value and it is preloaded intentionally. @ http://localhost:3001/:0
[ 2136741ms] [WARNING] The resource http://localhost:3001/_next/static/css/app/page.css?1781898298901 was preloaded using link preload but not used within a few seconds from the window's load event. Please make sure it has an appropriate `as` value and it is preloaded intentionally. @ http://localhost:3001/:0
[ 2136741ms] [WARNING] The resource http://localhost:3001/_next/static/css/app/layout.css?1781898101647 was preloaded using link preload but not used within a few seconds from the window's load event. Please make sure it has an appropriate `as` value and it is preloaded intentionally. @ http://localhost:3001/:0
[ 2136741ms] [WARNING] The resource http://localhost:3001/_next/static/css/app/layout.css?1781898181579 was preloaded using link preload but not used within a few seconds from the window's load event. Please make sure it has an appropriate `as` value and it is preloaded intentionally. @ http://localhost:3001/:0
[ 2136741ms] [WARNING] The resource http://localhost:3001/_next/static/css/app/layout.css?1781898309471 was preloaded using link preload but not used within a few seconds from the window's load event. Please make sure it has an appropriate `as` value and it is preloaded intentionally. @ http://localhost:3001/:0
[ 2145811ms] [LOG] [Fast Refresh] rebuilding @ webpack-internal:///(app-pages-browser)/./node_modules/next/dist/client/components/react-dev-overlay/hot-reloader-client.js:180
[ 2149304ms] [WARNING] The resource http://localhost:3001/_next/static/css/app/layout.css?1781898181580 was preloaded using link preload but not used within a few seconds from the window's load event. Please make sure it has an appropriate `as` value and it is preloaded intentionally. @ http://localhost:3001/:0
[ 2149304ms] [WARNING] The resource http://localhost:3001/_next/static/css/app/layout.css?1781898309470 was preloaded using link preload but not used within a few seconds from the window's load event. Please make sure it has an appropriate `as` value and it is preloaded intentionally. @ http://localhost:3001/:0
[ 2149304ms] [WARNING] The resource http://localhost:3001/_next/static/css/app/page.css?1781898298900 was preloaded using link preload but not used within a few seconds from the window's load event. Please make sure it has an appropriate `as` value and it is preloaded intentionally. @ http://localhost:3001/:0
[ 2149304ms] [WARNING] The resource http://localhost:3001/_next/static/css/app/page.css?1781898101648 was preloaded using link preload but not used within a few seconds from the window's load event. Please make sure it has an appropriate `as` value and it is preloaded intentionally. @ http://localhost:3001/:0
[ 2149304ms] [WARNING] The resource http://localhost:3001/_next/static/css/app/layout.css?1781898298900 was preloaded using link preload but not used within a few seconds from the window's load event. Please make sure it has an appropriate `as` value and it is preloaded intentionally. @ http://localhost:3001/:0
[ 2149304ms] [WARNING] The resource http://localhost:3001/_next/static/css/app/page.css?1781898309470 was preloaded using link preload but not used within a few seconds from the window's load event. Please make sure it has an appropriate `as` value and it is preloaded intentionally. @ http://localhost:3001/:0
[ 2149304ms] [WARNING] The resource http://localhost:3001/_next/static/css/app/page.css?1781898309471 was preloaded using link preload but not used within a few seconds from the window's load event. Please make sure it has an appropriate `as` value and it is preloaded intentionally. @ http://localhost:3001/:0
[ 2149305ms] [WARNING] The resource http://localhost:3001/_next/static/css/app/layout.css?1781898298899 was preloaded using link preload but not used within a few seconds from the window's load event. Please make sure it has an appropriate `as` value and it is preloaded intentionally. @ http://localhost:3001/:0
[ 2149305ms] [WARNING] The resource http://localhost:3001/_next/static/css/app/page.css?1781898181580 was preloaded using link preload but not used within a few seconds from the window's load event. Please make sure it has an appropriate `as` value and it is preloaded intentionally. @ http://localhost:3001/:0
[ 2149305ms] [WARNING] The resource http://localhost:3001/_next/static/css/app/page.css?1781898298901 was preloaded using link preload but not used within a few seconds from the window's load event. Please make sure it has an appropriate `as` value and it is preloaded intentionally. @ http://localhost:3001/:0
[ 2149305ms] [WARNING] The resource http://localhost:3001/_next/static/css/app/layout.css?1781898101647 was preloaded using link preload but not used within a few seconds from the window's load event. Please make sure it has an appropriate `as` value and it is preloaded intentionally. @ http://localhost:3001/:0
[ 2149305ms] [WARNING] The resource http://localhost:3001/_next/static/css/app/layout.css?1781898181579 was preloaded using link preload but not used within a few seconds from the window's load event. Please make sure it has an appropriate `as` value and it is preloaded intentionally. @ http://localhost:3001/:0
[ 2149305ms] [WARNING] The resource http://localhost:3001/_next/static/css/app/layout.css?1781898309471 was preloaded using link preload but not used within a few seconds from the window's load event. Please make sure it has an appropriate `as` value and it is preloaded intentionally. @ http://localhost:3001/:0
[ 2184952ms] [LOG] [Fast Refresh] rebuilding @ webpack-internal:///(app-pages-browser)/./node_modules/next/dist/client/components/react-dev-overlay/hot-reloader-client.js:180
[ 2188314ms] [WARNING] The resource http://localhost:3001/_next/static/css/app/layout.css?1781898181580 was preloaded using link preload but not used within a few seconds from the window's load event. Please make sure it has an appropriate `as` value and it is preloaded intentionally. @ http://localhost:3001/:0
[ 2188314ms] [WARNING] The resource http://localhost:3001/_next/static/css/app/layout.css?1781898309470 was preloaded using link preload but not used within a few seconds from the window's load event. Please make sure it has an appropriate `as` value and it is preloaded intentionally. @ http://localhost:3001/:0
[ 2188314ms] [WARNING] The resource http://localhost:3001/_next/static/css/app/page.css?1781898298900 was preloaded using link preload but not used within a few seconds from the window's load event. Please make sure it has an appropriate `as` value and it is preloaded intentionally. @ http://localhost:3001/:0
[ 2188314ms] [WARNING] The resource http://localhost:3001/_next/static/css/app/page.css?1781898101648 was preloaded using link preload but not used within a few seconds from the window's load event. Please make sure it has an appropriate `as` value and it is preloaded intentionally. @ http://localhost:3001/:0
[ 2188314ms] [WARNING] The resource http://localhost:3001/_next/static/css/app/layout.css?1781898298900 was preloaded using link preload but not used within a few seconds from the window's load event. Please make sure it has an appropriate `as` value and it is preloaded intentionally. @ http://localhost:3001/:0
[ 2188314ms] [WARNING] The resource http://localhost:3001/_next/static/css/app/page.css?1781898309470 was preloaded using link preload but not used within a few seconds from the window's load event. Please make sure it has an appropriate `as` value and it is preloaded intentionally. @ http://localhost:3001/:0
[ 2188314ms] [WARNING] The resource http://localhost:3001/_next/static/css/app/page.css?1781898309471 was preloaded using link preload but not used within a few seconds from the window's load event. Please make sure it has an appropriate `as` value and it is preloaded intentionally. @ http://localhost:3001/:0
[ 2188314ms] [WARNING] The resource http://localhost:3001/_next/static/css/app/layout.css?1781898298899 was preloaded using link preload but not used within a few seconds from the window's load event. Please make sure it has an appropriate `as` value and it is preloaded intentionally. @ http://localhost:3001/:0
[ 2188314ms] [WARNING] The resource http://localhost:3001/_next/static/css/app/page.css?1781898181580 was preloaded using link preload but not used within a few seconds from the window's load event. Please make sure it has an appropriate `as` value and it is preloaded intentionally. @ http://localhost:3001/:0
[ 2188314ms] [WARNING] The resource http://localhost:3001/_next/static/css/app/page.css?1781898298901 was preloaded using link preload but not used within a few seconds from the window's load event. Please make sure it has an appropriate `as` value and it is preloaded intentionally. @ http://localhost:3001/:0
[ 2188314ms] [WARNING] The resource http://localhost:3001/_next/static/css/app/layout.css?1781898101647 was preloaded using link preload but not used within a few seconds from the window's load event. Please make sure it has an appropriate `as` value and it is preloaded intentionally. @ http://localhost:3001/:0
[ 2188314ms] [WARNING] The resource http://localhost:3001/_next/static/css/app/layout.css?1781898181579 was preloaded using link preload but not used within a few seconds from the window's load event. Please make sure it has an appropriate `as` value and it is preloaded intentionally. @ http://localhost:3001/:0
[ 2188314ms] [WARNING] The resource http://localhost:3001/_next/static/css/app/layout.css?1781898309471 was preloaded using link preload but not used within a few seconds from the window's load event. Please make sure it has an appropriate `as` value and it is preloaded intentionally. @ http://localhost:3001/:0
[ 2196535ms] [LOG] [Fast Refresh] rebuilding @ webpack-internal:///(app-pages-browser)/./node_modules/next/dist/client/components/react-dev-overlay/hot-reloader-client.js:180
[ 2200149ms] [WARNING] The resource http://localhost:3001/_next/static/css/app/layout.css?1781898181580 was preloaded using link preload but not used within a few seconds from the window's load event. Please make sure it has an appropriate `as` value and it is preloaded intentionally. @ http://localhost:3001/:0
[ 2200149ms] [WARNING] The resource http://localhost:3001/_next/static/css/app/layout.css?1781898309470 was preloaded using link preload but not used within a few seconds from the window's load event. Please make sure it has an appropriate `as` value and it is preloaded intentionally. @ http://localhost:3001/:0
[ 2200149ms] [WARNING] The resource http://localhost:3001/_next/static/css/app/page.css?1781898298900 was preloaded using link preload but not used within a few seconds from the window's load event. Please make sure it has an appropriate `as` value and it is preloaded intentionally. @ http://localhost:3001/:0
[ 2200149ms] [WARNING] The resource http://localhost:3001/_next/static/css/app/page.css?1781898101648 was preloaded using link preload but not used within a few seconds from the window's load event. Please make sure it has an appropriate `as` value and it is preloaded intentionally. @ http://localhost:3001/:0
[ 2200149ms] [WARNING] The resource http://localhost:3001/_next/static/css/app/layout.css?1781898298900 was preloaded using link preload but not used within a few seconds from the window's load event. Please make sure it has an appropriate `as` value and it is preloaded intentionally. @ http://localhost:3001/:0
[ 2200149ms] [WARNING] The resource http://localhost:3001/_next/static/css/app/page.css?1781898309470 was preloaded using link preload but not used within a few seconds from the window's load event. Please make sure it has an appropriate `as` value and it is preloaded intentionally. @ http://localhost:3001/:0
[ 2200149ms] [WARNING] The resource http://localhost:3001/_next/static/css/app/page.css?1781898309471 was preloaded using link preload but not used within a few seconds from the window's load event. Please make sure it has an appropriate `as` value and it is preloaded intentionally. @ http://localhost:3001/:0
[ 2200149ms] [WARNING] The resource http://localhost:3001/_next/static/css/app/layout.css?1781898298899 was preloaded using link preload but not used within a few seconds from the window's load event. Please make sure it has an appropriate `as` value and it is preloaded intentionally. @ http://localhost:3001/:0
[ 2200149ms] [WARNING] The resource http://localhost:3001/_next/static/css/app/page.css?1781898181580 was preloaded using link preload but not used within a few seconds from the window's load event. Please make sure it has an appropriate `as` value and it is preloaded intentionally. @ http://localhost:3001/:0
[ 2200149ms] [WARNING] The resource http://localhost:3001/_next/static/css/app/page.css?1781898298901 was preloaded using link preload but not used within a few seconds from the window's load event. Please make sure it has an appropriate `as` value and it is preloaded intentionally. @ http://localhost:3001/:0
[ 2200149ms] [WARNING] The resource http://localhost:3001/_next/static/css/app/layout.css?1781898101647 was preloaded using link preload but not used within a few seconds from the window's load event. Please make sure it has an appropriate `as` value and it is preloaded intentionally. @ http://localhost:3001/:0
[ 2200149ms] [WARNING] The resource http://localhost:3001/_next/static/css/app/layout.css?1781898181579 was preloaded using link preload but not used within a few seconds from the window's load event. Please make sure it has an appropriate `as` value and it is preloaded intentionally. @ http://localhost:3001/:0
[ 2200149ms] [WARNING] The resource http://localhost:3001/_next/static/css/app/layout.css?1781898309471 was preloaded using link preload but not used within a few seconds from the window's load event. Please make sure it has an appropriate `as` value and it is preloaded intentionally. @ http://localhost:3001/:0
